<?xml version="1.0" encoding="UTF-8"?>
<!-- Generated by org.testng.reporters.JUnitReportReporter -->
<testsuite hostname="Federico-CX-PC" name="federico_bechini.training.globant.com.tests.Tests" tests="1" failures="0" timestamp="6 May 2015 13:47:48 GMT" time="65.306" errors="0">
  <testcase name="registrationAccepted" time="65.306" classname="federico_bechini.training.globant.com.tests.Tests"/>
</testsuite> <!-- federico_bechini.training.globant.com.tests.Tests -->
